{"/Users/prashilk/Desktop/github_repos/src/components/ListItem.tsx": {"path":"/Users/prashilk/Desktop/github_repos/src/components/ListItem.tsx","statementMap":{"0":{"start":{"line":1,"column":0},"end":{"line":1,"column":30}},"1":{"start":{"line":2,"column":0},"end":{"line":2,"column":39}},"2":{"start":{"line":21,"column":17},"end":{"line":40,"column":1}},"3":{"start":{"line":24,"column":4},"end":{"line":26,"column":5}},"4":{"start":{"line":25,"column":8},"end":{"line":25,"column":null}},"5":{"start":{"line":28,"column":2},"end":{"line":39,"column":null}},"6":{"start":{"line":29,"column":4},"end":{"line":29,"column":22}},"7":{"start":{"line":42,"column":0},"end":{"line":42,"column":null}}},"fnMap":{"0":{"name":"(anonymous_0)","decl":{"start":{"line":21,"column":17},"end":{"line":21,"column":18}},"loc":{"start":{"line":21,"column":28},"end":{"line":40,"column":1}}},"1":{"name":"(anonymous_1)","decl":{"start":{"line":28,"column":20},"end":{"line":28,"column":21}},"loc":{"start":{"line":29,"column":4},"end":{"line":29,"column":22}}}},"branchMap":{"0":{"loc":{"start":{"line":24,"column":4},"end":{"line":26,"column":5}},"type":"if","locations":[{"start":{"line":24,"column":4},"end":{"line":26,"column":5}}]},"1":{"loc":{"start":{"line":28,"column":10},"end":{"line":39,"column":10}},"type":"cond-expr","locations":[{"start":{"line":28,"column":14},"end":{"line":28,"column":16}},{"start":{"line":28,"column":10},"end":{"line":39,"column":10}}]},"2":{"loc":{"start":{"line":28,"column":10},"end":{"line":28,"column":16}},"type":"binary-expr","locations":[{"start":{"line":28,"column":10},"end":{"line":28,"column":16}},{"start":{"line":28,"column":10},"end":{"line":28,"column":16}}]},"3":{"loc":{"start":{"line":30,"column":27},"end":{"line":30,"column":37}},"type":"cond-expr","locations":[{"start":{"line":30,"column":31},"end":{"line":30,"column":33}},{"start":{"line":30,"column":27},"end":{"line":30,"column":37}}]},"4":{"loc":{"start":{"line":30,"column":27},"end":{"line":30,"column":33}},"type":"binary-expr","locations":[{"start":{"line":30,"column":27},"end":{"line":30,"column":33}},{"start":{"line":30,"column":27},"end":{"line":30,"column":33}}]},"5":{"loc":{"start":{"line":31,"column":97},"end":{"line":31,"column":107}},"type":"cond-expr","locations":[{"start":{"line":31,"column":101},"end":{"line":31,"column":103}},{"start":{"line":31,"column":97},"end":{"line":31,"column":107}}]},"6":{"loc":{"start":{"line":31,"column":97},"end":{"line":31,"column":103}},"type":"binary-expr","locations":[{"start":{"line":31,"column":97},"end":{"line":31,"column":103}},{"start":{"line":31,"column":97},"end":{"line":31,"column":103}}]},"7":{"loc":{"start":{"line":32,"column":111},"end":{"line":32,"column":143}},"type":"cond-expr","locations":[{"start":{"line":32,"column":125},"end":{"line":32,"column":134}},{"start":{"line":32,"column":135},"end":{"line":32,"column":143}}]},"8":{"loc":{"start":{"line":32,"column":111},"end":{"line":32,"column":124}},"type":"cond-expr","locations":[{"start":{"line":32,"column":115},"end":{"line":32,"column":117}},{"start":{"line":32,"column":111},"end":{"line":32,"column":124}}]},"9":{"loc":{"start":{"line":32,"column":111},"end":{"line":32,"column":117}},"type":"binary-expr","locations":[{"start":{"line":32,"column":111},"end":{"line":32,"column":117}},{"start":{"line":32,"column":111},"end":{"line":32,"column":117}}]},"10":{"loc":{"start":{"line":33,"column":50},"end":{"line":33,"column":71}},"type":"binary-expr","locations":[{"start":{"line":33,"column":50},"end":{"line":33,"column":67}},{"start":{"line":33,"column":69},"end":{"line":33,"column":71}}]},"11":{"loc":{"start":{"line":33,"column":50},"end":{"line":33,"column":67}},"type":"cond-expr","locations":[{"start":{"line":33,"column":54},"end":{"line":33,"column":56}},{"start":{"line":33,"column":50},"end":{"line":33,"column":67}}]},"12":{"loc":{"start":{"line":33,"column":50},"end":{"line":33,"column":56}},"type":"binary-expr","locations":[{"start":{"line":33,"column":50},"end":{"line":33,"column":56}},{"start":{"line":33,"column":50},"end":{"line":33,"column":56}}]}},"s":{"0":2,"1":2,"2":2,"3":2,"4":1,"5":1,"6":1,"7":2},"f":{"0":2,"1":1},"b":{"0":[1],"1":[0,1],"2":[1,1],"3":[0,1],"4":[1,1],"5":[0,1],"6":[1,1],"7":[0,1],"8":[0,1],"9":[1,1],"10":[1,0],"11":[0,1],"12":[1,1]}}
,"/Users/prashilk/Desktop/github_repos/src/components/Pagination.tsx": {"path":"/Users/prashilk/Desktop/github_repos/src/components/Pagination.tsx","statementMap":{"0":{"start":{"line":1,"column":0},"end":{"line":1,"column":30}},"1":{"start":{"line":10,"column":19},"end":{"line":42,"column":1}},"2":{"start":{"line":12,"column":4},"end":{"line":14,"column":5}},"3":{"start":{"line":13,"column":8},"end":{"line":13,"column":null}},"4":{"start":{"line":16,"column":2},"end":{"line":41,"column":null}},"5":{"start":{"line":18,"column":30},"end":{"line":18,"column":61}},"6":{"start":{"line":28,"column":12},"end":{"line":30,"column":26}},"7":{"start":{"line":30,"column":39},"end":{"line":30,"column":64}},"8":{"start":{"line":34,"column":29},"end":{"line":34,"column":60}},"9":{"start":{"line":44,"column":0},"end":{"line":44,"column":null}}},"fnMap":{"0":{"name":"(anonymous_0)","decl":{"start":{"line":10,"column":19},"end":{"line":10,"column":20}},"loc":{"start":{"line":10,"column":66},"end":{"line":42,"column":1}}},"1":{"name":"(anonymous_1)","decl":{"start":{"line":18,"column":26},"end":{"line":18,"column":28}},"loc":{"start":{"line":18,"column":30},"end":{"line":18,"column":61}}},"2":{"name":"(anonymous_2)","decl":{"start":{"line":27,"column":39},"end":{"line":27,"column":40}},"loc":{"start":{"line":28,"column":12},"end":{"line":30,"column":26}}},"3":{"name":"(anonymous_3)","decl":{"start":{"line":30,"column":35},"end":{"line":30,"column":37}},"loc":{"start":{"line":30,"column":39},"end":{"line":30,"column":64}}},"4":{"name":"(anonymous_4)","decl":{"start":{"line":34,"column":25},"end":{"line":34,"column":27}},"loc":{"start":{"line":34,"column":29},"end":{"line":34,"column":60}}}},"branchMap":{"0":{"loc":{"start":{"line":12,"column":4},"end":{"line":14,"column":5}},"type":"if","locations":[{"start":{"line":12,"column":4},"end":{"line":14,"column":5}}]},"1":{"loc":{"start":{"line":20,"column":34},"end":{"line":20,"column":70}},"type":"binary-expr","locations":[{"start":{"line":20,"column":34},"end":{"line":20,"column":50}},{"start":{"line":20,"column":54},"end":{"line":20,"column":70}}]},"2":{"loc":{"start":{"line":29,"column":51},"end":{"line":29,"column":102}},"type":"binary-expr","locations":[{"start":{"line":29,"column":51},"end":{"line":29,"column":73}},{"start":{"line":29,"column":77},"end":{"line":29,"column":102}}]},"3":{"loc":{"start":{"line":36,"column":34},"end":{"line":36,"column":79}},"type":"binary-expr","locations":[{"start":{"line":36,"column":34},"end":{"line":36,"column":59}},{"start":{"line":36,"column":63},"end":{"line":36,"column":79}}]}},"s":{"0":2,"1":2,"2":1,"3":0,"4":1,"5":0,"6":1,"7":0,"8":0,"9":2},"f":{"0":1,"1":0,"2":1,"3":0,"4":0},"b":{"0":[0],"1":[1,1],"2":[1,1],"3":[1,1]}}
,"/Users/prashilk/Desktop/github_repos/src/components/RepoDetails.tsx": {"path":"/Users/prashilk/Desktop/github_repos/src/components/RepoDetails.tsx","statementMap":{"0":{"start":{"line":1,"column":0},"end":{"line":1,"column":30}},"1":{"start":{"line":2,"column":0},"end":{"line":2,"column":51}},"2":{"start":{"line":3,"column":0},"end":{"line":3,"column":53}},"3":{"start":{"line":4,"column":0},"end":{"line":4,"column":52}},"4":{"start":{"line":5,"column":0},"end":{"line":5,"column":41}},"5":{"start":{"line":24,"column":22},"end":{"line":56,"column":1}},"6":{"start":{"line":25,"column":21},"end":{"line":25,"column":32}},"7":{"start":{"line":26,"column":38},"end":{"line":26,"column":82}},"8":{"start":{"line":29,"column":4},"end":{"line":31,"column":5}},"9":{"start":{"line":30,"column":8},"end":{"line":30,"column":null}},"10":{"start":{"line":32,"column":4},"end":{"line":34,"column":5}},"11":{"start":{"line":33,"column":8},"end":{"line":33,"column":null}},"12":{"start":{"line":36,"column":2},"end":{"line":55,"column":null}},"13":{"start":{"line":58,"column":0},"end":{"line":58,"column":null}}},"fnMap":{"0":{"name":"(anonymous_0)","decl":{"start":{"line":24,"column":22},"end":{"line":24,"column":25}},"loc":{"start":{"line":24,"column":27},"end":{"line":56,"column":1}}}},"branchMap":{"0":{"loc":{"start":{"line":29,"column":4},"end":{"line":31,"column":5}},"type":"if","locations":[{"start":{"line":29,"column":4},"end":{"line":31,"column":5}}]},"1":{"loc":{"start":{"line":32,"column":4},"end":{"line":34,"column":5}},"type":"if","locations":[{"start":{"line":32,"column":4},"end":{"line":34,"column":5}}]},"2":{"loc":{"start":{"line":40,"column":65},"end":{"line":40,"column":75}},"type":"cond-expr","locations":[{"start":{"line":40,"column":69},"end":{"line":40,"column":71}},{"start":{"line":40,"column":65},"end":{"line":40,"column":75}}]},"3":{"loc":{"start":{"line":40,"column":65},"end":{"line":40,"column":71}},"type":"binary-expr","locations":[{"start":{"line":40,"column":65},"end":{"line":40,"column":71}},{"start":{"line":40,"column":65},"end":{"line":40,"column":71}}]},"4":{"loc":{"start":{"line":41,"column":54},"end":{"line":41,"column":71}},"type":"cond-expr","locations":[{"start":{"line":41,"column":58},"end":{"line":41,"column":60}},{"start":{"line":41,"column":54},"end":{"line":41,"column":71}}]},"5":{"loc":{"start":{"line":41,"column":54},"end":{"line":41,"column":60}},"type":"binary-expr","locations":[{"start":{"line":41,"column":54},"end":{"line":41,"column":60}},{"start":{"line":41,"column":54},"end":{"line":41,"column":60}}]},"6":{"loc":{"start":{"line":43,"column":22},"end":{"line":43,"column":36}},"type":"cond-expr","locations":[{"start":{"line":43,"column":26},"end":{"line":43,"column":28}},{"start":{"line":43,"column":22},"end":{"line":43,"column":36}}]},"7":{"loc":{"start":{"line":43,"column":22},"end":{"line":43,"column":28}},"type":"binary-expr","locations":[{"start":{"line":43,"column":22},"end":{"line":43,"column":28}},{"start":{"line":43,"column":22},"end":{"line":43,"column":28}}]},"8":{"loc":{"start":{"line":49,"column":40},"end":{"line":49,"column":73}},"type":"binary-expr","locations":[{"start":{"line":49,"column":40},"end":{"line":49,"column":54}},{"start":{"line":49,"column":58},"end":{"line":49,"column":73}}]},"9":{"loc":{"start":{"line":49,"column":40},"end":{"line":49,"column":54}},"type":"cond-expr","locations":[{"start":{"line":49,"column":44},"end":{"line":49,"column":46}},{"start":{"line":49,"column":40},"end":{"line":49,"column":54}}]},"10":{"loc":{"start":{"line":49,"column":40},"end":{"line":49,"column":46}},"type":"binary-expr","locations":[{"start":{"line":49,"column":40},"end":{"line":49,"column":46}},{"start":{"line":49,"column":40},"end":{"line":49,"column":46}}]},"11":{"loc":{"start":{"line":50,"column":37},"end":{"line":50,"column":48}},"type":"cond-expr","locations":[{"start":{"line":50,"column":41},"end":{"line":50,"column":43}},{"start":{"line":50,"column":37},"end":{"line":50,"column":48}}]},"12":{"loc":{"start":{"line":50,"column":37},"end":{"line":50,"column":43}},"type":"binary-expr","locations":[{"start":{"line":50,"column":37},"end":{"line":50,"column":43}},{"start":{"line":50,"column":37},"end":{"line":50,"column":43}}]},"13":{"loc":{"start":{"line":51,"column":43},"end":{"line":51,"column":60}},"type":"cond-expr","locations":[{"start":{"line":51,"column":47},"end":{"line":51,"column":49}},{"start":{"line":51,"column":43},"end":{"line":51,"column":60}}]},"14":{"loc":{"start":{"line":51,"column":43},"end":{"line":51,"column":49}},"type":"binary-expr","locations":[{"start":{"line":51,"column":43},"end":{"line":51,"column":49}},{"start":{"line":51,"column":43},"end":{"line":51,"column":49}}]},"15":{"loc":{"start":{"line":52,"column":40},"end":{"line":52,"column":54}},"type":"cond-expr","locations":[{"start":{"line":52,"column":44},"end":{"line":52,"column":46}},{"start":{"line":52,"column":40},"end":{"line":52,"column":54}}]},"16":{"loc":{"start":{"line":52,"column":40},"end":{"line":52,"column":46}},"type":"binary-expr","locations":[{"start":{"line":52,"column":40},"end":{"line":52,"column":46}},{"start":{"line":52,"column":40},"end":{"line":52,"column":46}}]}},"s":{"0":1,"1":1,"2":1,"3":1,"4":1,"5":1,"6":2,"7":2,"8":2,"9":1,"10":1,"11":0,"12":1,"13":1},"f":{"0":2},"b":{"0":[1],"1":[0],"2":[1,0],"3":[1,0],"4":[1,0],"5":[1,0],"6":[1,0],"7":[1,0],"8":[1,1],"9":[1,0],"10":[1,0],"11":[1,0],"12":[1,0],"13":[1,0],"14":[1,0],"15":[1,0],"16":[1,0]}}
,"/Users/prashilk/Desktop/github_repos/src/components/RepoList.tsx": {"path":"/Users/prashilk/Desktop/github_repos/src/components/RepoList.tsx","statementMap":{"0":{"start":{"line":1,"column":0},"end":{"line":1,"column":31}},"1":{"start":{"line":2,"column":0},"end":{"line":2,"column":54}},"2":{"start":{"line":3,"column":0},"end":{"line":3,"column":52}},"3":{"start":{"line":4,"column":0},"end":{"line":4,"column":53}},"4":{"start":{"line":5,"column":0},"end":{"line":5,"column":41}},"5":{"start":{"line":6,"column":0},"end":{"line":6,"column":34}},"6":{"start":{"line":7,"column":0},"end":{"line":7,"column":38}},"7":{"start":{"line":8,"column":0},"end":{"line":8,"column":36}},"8":{"start":{"line":26,"column":17},"end":{"line":84,"column":1}},"9":{"start":{"line":29,"column":38},"end":{"line":29,"column":78}},"10":{"start":{"line":30,"column":38},"end":{"line":30,"column":50}},"11":{"start":{"line":31,"column":42},"end":{"line":31,"column":53}},"12":{"start":{"line":32,"column":25},"end":{"line":32,"column":27}},"13":{"start":{"line":35,"column":30},"end":{"line":37,"column":9}},"14":{"start":{"line":36,"column":8},"end":{"line":36,"column":null}},"15":{"start":{"line":40,"column":25},"end":{"line":43,"column":9}},"16":{"start":{"line":41,"column":8},"end":{"line":41,"column":30}},"17":{"start":{"line":42,"column":8},"end":{"line":42,"column":null}},"18":{"start":{"line":46,"column":23},"end":{"line":48,"column":25}},"19":{"start":{"line":47,"column":12},"end":{"line":47,"column":null}},"20":{"start":{"line":47,"column":51},"end":{"line":47,"column":95}},"21":{"start":{"line":51,"column":29},"end":{"line":54,"column":31}},"22":{"start":{"line":52,"column":26},"end":{"line":52,"column":48}},"23":{"start":{"line":53,"column":8},"end":{"line":53,"column":null}},"24":{"start":{"line":57,"column":22},"end":{"line":59,"column":13}},"25":{"start":{"line":58,"column":8},"end":{"line":58,"column":57}},"26":{"start":{"line":62,"column":4},"end":{"line":64,"column":5}},"27":{"start":{"line":63,"column":8},"end":{"line":63,"column":null}},"28":{"start":{"line":65,"column":4},"end":{"line":67,"column":5}},"29":{"start":{"line":66,"column":8},"end":{"line":66,"column":null}},"30":{"start":{"line":69,"column":2},"end":{"line":83,"column":4}},"31":{"start":{"line":86,"column":0},"end":{"line":86,"column":null}}},"fnMap":{"0":{"name":"(anonymous_0)","decl":{"start":{"line":26,"column":17},"end":{"line":26,"column":20}},"loc":{"start":{"line":26,"column":22},"end":{"line":84,"column":1}}},"1":{"name":"(anonymous_1)","decl":{"start":{"line":35,"column":42},"end":{"line":35,"column":43}},"loc":{"start":{"line":35,"column":57},"end":{"line":37,"column":5}}},"2":{"name":"(anonymous_2)","decl":{"start":{"line":40,"column":37},"end":{"line":40,"column":38}},"loc":{"start":{"line":40,"column":54},"end":{"line":43,"column":5}}},"3":{"name":"(anonymous_3)","decl":{"start":{"line":46,"column":31},"end":{"line":46,"column":33}},"loc":{"start":{"line":46,"column":35},"end":{"line":48,"column":5}}},"4":{"name":"(anonymous_4)","decl":{"start":{"line":47,"column":38},"end":{"line":47,"column":39}},"loc":{"start":{"line":47,"column":51},"end":{"line":47,"column":95}}},"5":{"name":"(anonymous_5)","decl":{"start":{"line":51,"column":37},"end":{"line":51,"column":39}},"loc":{"start":{"line":51,"column":41},"end":{"line":54,"column":5}}},"6":{"name":"(anonymous_6)","decl":{"start":{"line":57,"column":30},"end":{"line":57,"column":32}},"loc":{"start":{"line":57,"column":34},"end":{"line":59,"column":5}}}},"branchMap":{"0":{"loc":{"start":{"line":47,"column":19},"end":{"line":47,"column":100}},"type":"cond-expr","locations":[{"start":{"line":47,"column":26},"end":{"line":47,"column":96}},{"start":{"line":47,"column":98},"end":{"line":47,"column":100}}]},"1":{"loc":{"start":{"line":62,"column":4},"end":{"line":64,"column":5}},"type":"if","locations":[{"start":{"line":62,"column":4},"end":{"line":64,"column":5}}]},"2":{"loc":{"start":{"line":65,"column":4},"end":{"line":67,"column":5}},"type":"if","locations":[{"start":{"line":65,"column":4},"end":{"line":67,"column":5}}]}},"s":{"0":1,"1":1,"2":1,"3":1,"4":1,"5":1,"6":1,"7":1,"8":1,"9":1,"10":1,"11":1,"12":1,"13":1,"14":0,"15":1,"16":0,"17":0,"18":1,"19":1,"20":0,"21":1,"22":1,"23":1,"24":1,"25":1,"26":1,"27":1,"28":0,"29":0,"30":0,"31":1},"f":{"0":1,"1":0,"2":0,"3":1,"4":0,"5":1,"6":1},"b":{"0":[0,1],"1":[1],"2":[0]}}
,"/Users/prashilk/Desktop/github_repos/src/components/SearchBox.tsx": {"path":"/Users/prashilk/Desktop/github_repos/src/components/SearchBox.tsx","statementMap":{"0":{"start":{"line":1,"column":0},"end":{"line":1,"column":30}},"1":{"start":{"line":9,"column":18},"end":{"line":19,"column":1}},"2":{"start":{"line":10,"column":2},"end":{"line":18,"column":null}},"3":{"start":{"line":16,"column":25},"end":{"line":16,"column":55}},"4":{"start":{"line":21,"column":0},"end":{"line":21,"column":37}}},"fnMap":{"0":{"name":"(anonymous_0)","decl":{"start":{"line":9,"column":18},"end":{"line":9,"column":19}},"loc":{"start":{"line":9,"column":50},"end":{"line":19,"column":1}}},"1":{"name":"(anonymous_1)","decl":{"start":{"line":16,"column":19},"end":{"line":16,"column":20}},"loc":{"start":{"line":16,"column":25},"end":{"line":16,"column":55}}}},"branchMap":{},"s":{"0":1,"1":1,"2":0,"3":0,"4":1},"f":{"0":0,"1":0},"b":{}}
,"/Users/prashilk/Desktop/github_repos/src/services/API.tsx": {"path":"/Users/prashilk/Desktop/github_repos/src/services/API.tsx","statementMap":{"0":{"start":{"line":1,"column":0},"end":{"line":1,"column":26}},"1":{"start":{"line":5,"column":18},"end":{"line":5,"column":43}},"2":{"start":{"line":8,"column":12},"end":{"line":10,"column":2}},"3":{"start":{"line":12,"column":0},"end":{"line":16,"column":3}},"4":{"start":{"line":13,"column":4},"end":{"line":13,"column":18}},"5":{"start":{"line":15,"column":4},"end":{"line":15,"column":33}},"6":{"start":{"line":18,"column":0},"end":{"line":22,"column":null}},"7":{"start":{"line":19,"column":4},"end":{"line":19,"column":20}},"8":{"start":{"line":21,"column":4},"end":{"line":21,"column":33}},"9":{"start":{"line":24,"column":0},"end":{"line":24,"column":19}}},"fnMap":{"0":{"name":"(anonymous_0)","decl":{"start":{"line":12,"column":29},"end":{"line":12,"column":30}},"loc":{"start":{"line":12,"column":39},"end":{"line":14,"column":1}}},"1":{"name":"(anonymous_1)","decl":{"start":{"line":14,"column":2},"end":{"line":14,"column":3}},"loc":{"start":{"line":14,"column":11},"end":{"line":16,"column":1}}},"2":{"name":"(anonymous_2)","decl":{"start":{"line":18,"column":30},"end":{"line":18,"column":31}},"loc":{"start":{"line":18,"column":42},"end":{"line":20,"column":1}}},"3":{"name":"(anonymous_3)","decl":{"start":{"line":20,"column":2},"end":{"line":20,"column":3}},"loc":{"start":{"line":20,"column":11},"end":{"line":22,"column":1}}}},"branchMap":{},"s":{"0":2,"1":2,"2":2,"3":2,"4":1,"5":0,"6":2,"7":0,"8":0,"9":2},"f":{"0":1,"1":0,"2":0,"3":0},"b":{}}
,"/Users/prashilk/Desktop/github_repos/src/services/constants.ts": {"path":"/Users/prashilk/Desktop/github_repos/src/services/constants.ts","statementMap":{"0":{"start":{"line":4,"column":13},"end":{"line":4,"column":49}},"1":{"start":{"line":5,"column":13},"end":{"line":5,"column":45}}},"fnMap":{},"branchMap":{},"s":{"0":2,"1":2},"f":{},"b":{}}
,"/Users/prashilk/Desktop/github_repos/src/services/useFetchData.tsx": {"path":"/Users/prashilk/Desktop/github_repos/src/services/useFetchData.tsx","statementMap":{"0":{"start":{"line":2,"column":0},"end":{"line":2,"column":43}},"1":{"start":{"line":3,"column":0},"end":{"line":3,"column":24}},"2":{"start":{"line":17,"column":21},"end":{"line":42,"column":1}},"3":{"start":{"line":18,"column":27},"end":{"line":18,"column":49}},"4":{"start":{"line":19,"column":37},"end":{"line":19,"column":52}},"5":{"start":{"line":20,"column":29},"end":{"line":20,"column":43}},"6":{"start":{"line":22,"column":4},"end":{"line":39,"column":null}},"7":{"start":{"line":23,"column":26},"end":{"line":35,"column":null}},"8":{"start":{"line":23,"column":36},"end":{"line":35,"column":null}},"9":{"start":{"line":24,"column":12},"end":{"line":24,"column":31}},"10":{"start":{"line":25,"column":12},"end":{"line":34,"column":13}},"11":{"start":{"line":26,"column":33},"end":{"line":26,"column":60}},"12":{"start":{"line":27,"column":16},"end":{"line":27,"column":39}},"13":{"start":{"line":29,"column":16},"end":{"line":29,"column":null}},"14":{"start":{"line":31,"column":16},"end":{"line":33,"column":24}},"15":{"start":{"line":32,"column":20},"end":{"line":32,"column":40}},"16":{"start":{"line":37,"column":8},"end":{"line":37,"column":null}},"17":{"start":{"line":40,"column":2},"end":{"line":40,"column":null}},"18":{"start":{"line":44,"column":0},"end":{"line":44,"column":null}}},"fnMap":{"0":{"name":"(anonymous_7)","decl":{"start":{"line":17,"column":21},"end":{"line":17,"column":26}},"loc":{"start":{"line":17,"column":62},"end":{"line":42,"column":1}}},"1":{"name":"(anonymous_8)","decl":{"start":{"line":22,"column":14},"end":{"line":22,"column":16}},"loc":{"start":{"line":22,"column":18},"end":{"line":39,"column":5}}},"2":{"name":"(anonymous_9)","decl":{"start":{"line":23,"column":26},"end":{"line":23,"column":34}},"loc":{"start":{"line":23,"column":36},"end":{"line":35,"column":null}}},"3":{"name":"(anonymous_10)","decl":{"start":{"line":23,"column":36},"end":{"line":23,"column":null}},"loc":{"start":{"line":23,"column":36},"end":{"line":35,"column":9}}},"4":{"name":"(anonymous_11)","decl":{"start":{"line":31,"column":27},"end":{"line":31,"column":30}},"loc":{"start":{"line":31,"column":32},"end":{"line":33,"column":17}}}},"branchMap":{},"s":{"0":2,"1":2,"2":2,"3":2,"4":2,"5":2,"6":2,"7":1,"8":1,"9":1,"10":1,"11":1,"12":0,"13":0,"14":0,"15":0,"16":1,"17":2,"18":2},"f":{"0":2,"1":1,"2":1,"3":1,"4":0},"b":{}}
}
