TN:
SF:src/components/ListItem.tsx
FN:21,(anonymous_0)
FN:28,(anonymous_1)
FNF:2
FNH:2
FNDA:2,(anonymous_0)
FNDA:1,(anonymous_1)
DA:1,1
DA:2,1
DA:3,1
DA:21,1
DA:24,2
DA:25,1
DA:28,1
DA:29,1
DA:42,1
LF:9
LH:9
BRDA:24,0,0,1
BRDA:28,1,0,0
BRDA:28,1,1,1
BRDA:28,2,0,1
BRDA:28,2,1,1
BRDA:30,3,0,0
BRDA:30,3,1,1
BRDA:30,4,0,1
BRDA:30,4,1,1
BRDA:31,5,0,0
BRDA:31,5,1,1
BRDA:31,6,0,1
BRDA:31,6,1,1
BRDA:32,7,0,0
BRDA:32,7,1,1
BRDA:32,8,0,0
BRDA:32,8,1,1
BRDA:32,9,0,1
BRDA:32,9,1,1
BRDA:33,10,0,1
BRDA:33,10,1,0
BRDA:33,11,0,0
BRDA:33,11,1,1
BRDA:33,12,0,1
BRDA:33,12,1,1
BRDA:36,13,0,0
BRDA:36,13,1,1
BRDA:36,14,0,1
BRDA:36,14,1,1
BRF:29
BRH:21
end_of_record
TN:
SF:src/components/RepoDetails.tsx
FN:24,(anonymous_0)
FNF:1
FNH:1
FNDA:2,(anonymous_0)
DA:1,1
DA:2,1
DA:3,1
DA:4,1
DA:5,1
DA:24,1
DA:25,2
DA:26,2
DA:29,2
DA:30,1
DA:32,1
DA:33,0
DA:36,1
DA:58,1
LF:14
LH:13
BRDA:29,0,0,1
BRDA:32,1,0,0
BRDA:40,2,0,1
BRDA:40,2,1,0
BRDA:40,3,0,1
BRDA:40,3,1,0
BRDA:41,4,0,1
BRDA:41,4,1,0
BRDA:41,5,0,1
BRDA:41,5,1,0
BRDA:43,6,0,1
BRDA:43,6,1,0
BRDA:43,7,0,1
BRDA:43,7,1,0
BRDA:49,8,0,1
BRDA:49,8,1,1
BRDA:49,9,0,1
BRDA:49,9,1,0
BRDA:49,10,0,1
BRDA:49,10,1,0
BRDA:50,11,0,1
BRDA:50,11,1,0
BRDA:50,12,0,1
BRDA:50,12,1,0
BRDA:51,13,0,1
BRDA:51,13,1,0
BRDA:51,14,0,1
BRDA:51,14,1,0
BRDA:52,15,0,1
BRDA:52,15,1,0
BRDA:52,16,0,1
BRDA:52,16,1,0
BRF:32
BRH:17
end_of_record
TN:
SF:src/services/API.tsx
FN:12,(anonymous_0)
FN:14,(anonymous_1)
FN:18,(anonymous_2)
FN:20,(anonymous_3)
FNF:4
FNH:1
FNDA:1,(anonymous_0)
FNDA:0,(anonymous_1)
FNDA:0,(anonymous_2)
FNDA:0,(anonymous_3)
DA:1,1
DA:5,1
DA:8,1
DA:12,1
DA:13,1
DA:15,0
DA:18,1
DA:19,0
DA:21,0
DA:24,1
LF:10
LH:7
BRF:0
BRH:0
end_of_record
TN:
SF:src/services/constants.ts
FNF:0
FNH:0
DA:4,1
DA:5,1
LF:2
LH:2
BRF:0
BRH:0
end_of_record
TN:
SF:src/services/useFetchData.tsx
FN:17,(anonymous_7)
FN:22,(anonymous_8)
FN:23,(anonymous_9)
FN:23,(anonymous_10)
FN:31,(anonymous_11)
FNF:5
FNH:4
FNDA:2,(anonymous_7)
FNDA:1,(anonymous_8)
FNDA:1,(anonymous_9)
FNDA:1,(anonymous_10)
FNDA:0,(anonymous_11)
DA:2,1
DA:3,1
DA:17,1
DA:18,2
DA:19,2
DA:20,2
DA:22,2
DA:23,1
DA:24,1
DA:25,1
DA:26,1
DA:27,0
DA:29,0
DA:31,0
DA:32,0
DA:37,1
DA:40,2
DA:44,1
LF:18
LH:14
BRF:0
BRH:0
end_of_record
